Arguments: 
  /nix/store/sb4pc6x4701bnhzjyyncxphz5s8hgy14-nodejs-14.9.0/bin/node /nix/store/nwj70l73pxsnzdk593mir8s7i7xh2fj3-yarn-1.22.5/bin/yarn add typefest -D

PATH: 
  /nix/store/8x9677lwljl54fdlsmbqb7vws5m4f29b-bash-interactive-4.4-p23/bin:/nix/store/sw7b2gcklaj3iy5ikv7ag163bpry3ivb-clang-wrapper-7.1.0/bin:/nix/store/62p36r11z8nl07xmadq6np7irgrd8ajk-clang-7.1.0/bin:/nix/store/2bbkv1njq1l6kyy93nvb3990wgmlkryv-coreutils-8.31/bin:/nix/store/f90ar8fxlmpvgqaq8m31ic1vh9fjxapa-cctools-binutils-darwin-wrapper-927.0.2/bin:/nix/store/qmxmk9l5ldy8zp50qaxmyv2r1sdfw7az-cctools-binutils-darwin-927.0.2/bin:/nix/store/2bbkv1njq1l6kyy93nvb3990wgmlkryv-coreutils-8.31/bin:/nix/store/sb4pc6x4701bnhzjyyncxphz5s8hgy14-nodejs-14.9.0/bin:/nix/store/88rzy4jbigs1nksiq5j4vxk1464mzckv-jq-1.6-bin/bin:/nix/store/nwj70l73pxsnzdk593mir8s7i7xh2fj3-yarn-1.22.5/bin:/nix/store/2bbkv1njq1l6kyy93nvb3990wgmlkryv-coreutils-8.31/bin:/nix/store/0y3xn56dfnbzx0x7x8zapjfh1zm2z4c0-findutils-4.7.0/bin:/nix/store/9xvv1p451rcdgn7rs1nf8yr0mmpn82jm-diffutils-3.7/bin:/nix/store/9z7rc09qr2j09smg1jyjbck7j393k668-gnused-4.8/bin:/nix/store/1srjhrzc3gb0g050vqxc4a81y1j5w1kg-gnugrep-3.4/bin:/nix/store/7fsr1a5mk599dca116p04g8m4h24vhlf-gawk-5.1.0/bin:/nix/store/fpslrh41b6yfjqk6dwzk5ky7c8qn7fcd-gnutar-1.32/bin:/nix/store/lfdjn2h4l8f9q712ff7zcdnvdbixrjry-gzip-1.10/bin:/nix/store/8lr5jc2ilglghmcl3khik7qd3z5rn13k-bzip2-1.0.6.0.1-bin/bin:/nix/store/iabj6418ff4sgf03d251an43sl5zqm17-gnumake-4.3/bin:/nix/store/smimdn17mp2ih6nfxwl78mswwdkmcm56-bash-4.4-p23/bin:/nix/store/lp0c7wf8j0rrn3360h16wyaqmcv08h2p-patch-2.7.6/bin:/nix/store/46g34d8b2dbx30qqslva20hgn34vkgs1-xz-5.2.5-bin/bin:/Users/diogovasconcelos/.nix-profile/bin:/opt/homebrew/bin:/opt/homebrew/sbin:/usr/local/bin:/usr/bin:/bin:/usr/sbin:/sbin:/Library/Apple/usr/bin

Yarn version: 
  1.22.5

Node version: 
  14.9.0

Platform: 
  darwin x64

Trace: 
  Error: https://registry.yarnpkg.com/typefest: Not found
      at Request.params.callback [as _callback] (/nix/store/nwj70l73pxsnzdk593mir8s7i7xh2fj3-yarn-1.22.5/libexec/yarn/lib/cli.js:66988:18)
      at Request.self.callback (/nix/store/nwj70l73pxsnzdk593mir8s7i7xh2fj3-yarn-1.22.5/libexec/yarn/lib/cli.js:140749:22)
      at Request.emit (events.js:314:20)
      at Request.<anonymous> (/nix/store/nwj70l73pxsnzdk593mir8s7i7xh2fj3-yarn-1.22.5/libexec/yarn/lib/cli.js:141721:10)
      at Request.emit (events.js:314:20)
      at IncomingMessage.<anonymous> (/nix/store/nwj70l73pxsnzdk593mir8s7i7xh2fj3-yarn-1.22.5/libexec/yarn/lib/cli.js:141643:12)
      at Object.onceWrapper (events.js:420:28)
      at IncomingMessage.emit (events.js:326:22)
      at endReadableNT (_stream_readable.js:1244:12)
      at processTicksAndRejections (internal/process/task_queues.js:80:21)

npm manifest: 
  {
    "dependencies": {
      "io-ts": "^2.2.16"
    },
    "name": "@shared/lib",
    "version": "1.0.0",
    "license": "UNLICENSED",
    "private": true
  }

yarn manifest: 
  No manifest

Lockfile: 
  # THIS IS AN AUTOGENERATED FILE. DO NOT EDIT THIS FILE DIRECTLY.
  # yarn lockfile v1
  
  
  io-ts@^2.2.16:
    version "2.2.16"
    resolved "https://registry.yarnpkg.com/io-ts/-/io-ts-2.2.16.tgz#597dffa03db1913fc318c9c6df6931cb4ed808b2"
    integrity sha512-y5TTSa6VP6le0hhmIyN0dqEXkrZeJLeC5KApJq6VLci3UEKF80lZ+KuoUs02RhBxNWlrqSNxzfI7otLX1Euv8Q==
